Info: Starting: Create simulation model
Info: qsys-generate D:\Skydrive\Documenten\Univ\ES\GIT\LCD\hw\quartus\soc_system.qsys --simulation=VHDL --allow-mixed-language-simulation --output-directory=D:\Skydrive\Documenten\Univ\ES\GIT\LCD\hw\quartus\soc_system\simulation\simulation --family="Cyclone V" --part=5CSEMA4U23C6
Progress: Loading quartus/soc_system.qsys
Progress: Reading input file
Progress: Adding address_span_extender_0 [altera_address_span_extender 16.0]
Progress: Parameterizing module address_span_extender_0
Progress: Adding clk_0 [clock_source 16.0]
Progress: Parameterizing module clk_0
Progress: Adding hps_0 [altera_hps 16.0]
Progress: Parameterizing module hps_0
Progress: Adding jtag_uart_0 [altera_avalon_jtag_uart 16.0]
Progress: Parameterizing module jtag_uart_0
Progress: Adding lt24_0 [lt24 1.0]
Progress: Parameterizing module lt24_0
Progress: Adding nios2_gen2_0 [altera_nios2_gen2 16.0]
Progress: Parameterizing module nios2_gen2_0
Progress: Adding onchip_memory2_0 [altera_avalon_onchip_memory2 16.0]
Progress: Parameterizing module onchip_memory2_0
Progress: Building connections
Progress: Parameterizing connections
Progress: Validating
Progress: Done reading input file
Warning: soc_system.hps_0: Setting the slave port width of interface f2h_sdram0 to 32 results in bandwidth under-utilization.  Altera recommends you set the interface data width to 64-bit or greater.
Info: soc_system.hps_0: HPS Main PLL counter settings: n = 0  m = 73
Info: soc_system.hps_0: HPS peripherial PLL counter settings: n = 0  m = 39
Warning: soc_system.hps_0: "Configuration/HPS-to-FPGA user 0 clock frequency" (desired_cfg_clk_mhz) requested 100.0 MHz, but only achieved 97.368421 MHz
Warning: soc_system.hps_0: 1 or more output clock frequencies cannot be achieved precisely, consider revising desired output clock frequencies.
Info: soc_system.jtag_uart_0: JTAG UART IP input clock need to be at least double (2x) the operating frequency of JTAG TCK on board
Info: soc_system: Generating soc_system "soc_system" for SIM_VHDL
Info: Interconnect is inserted between master address_span_extender_0.expanded_master and slave hps_0.f2h_sdram0_data because the master has address signal 32 bit wide, but the slave is 30 bit wide.
Info: Interconnect is inserted between master address_span_extender_0.expanded_master and slave hps_0.f2h_sdram0_data because the master has burstcount signal 1 bit wide, but the slave is 8 bit wide.
Info: address_span_extender_0: "soc_system" instantiated altera_address_span_extender "address_span_extender_0"
Info: hps_0: "Running  for module: hps_0"
Warning: hps_0: Setting the slave port width of interface f2h_sdram0 to 32 results in bandwidth under-utilization.  Altera recommends you set the interface data width to 64-bit or greater.
Info: hps_0: HPS Main PLL counter settings: n = 0  m = 73
Info: hps_0: HPS peripherial PLL counter settings: n = 0  m = 39
Warning: hps_0: "Configuration/HPS-to-FPGA user 0 clock frequency" (desired_cfg_clk_mhz) requested 100.0 MHz, but only achieved 97.368421 MHz
Warning: hps_0: 1 or more output clock frequencies cannot be achieved precisely, consider revising desired output clock frequencies.
Info: hps_0: "soc_system" instantiated altera_hps "hps_0"
Info: jtag_uart_0: Starting RTL generation for module 'soc_system_jtag_uart_0'
Info: jtag_uart_0:   Generation command is [exec C:/programs/altera_lite/16.0/quartus/bin64/perl/bin/perl.exe -I C:/programs/altera_lite/16.0/quartus/bin64/perl/lib -I C:/programs/altera_lite/16.0/quartus/sopc_builder/bin/europa -I C:/programs/altera_lite/16.0/quartus/sopc_builder/bin/perl_lib -I C:/programs/altera_lite/16.0/quartus/sopc_builder/bin -I C:/programs/altera_lite/16.0/quartus/../ip/altera/sopc_builder_ip/common -I C:/programs/altera_lite/16.0/quartus/../ip/altera/sopc_builder_ip/altera_avalon_jtag_uart -- C:/programs/altera_lite/16.0/quartus/../ip/altera/sopc_builder_ip/altera_avalon_jtag_uart/generate_rtl.pl --name=soc_system_jtag_uart_0 --dir=C:/TEMP/alt7144_4681204887115726414.dir/0002_jtag_uart_0_gen/ --quartus_dir=C:/programs/altera_lite/16.0/quartus --verilog --config=C:/TEMP/alt7144_4681204887115726414.dir/0002_jtag_uart_0_gen//soc_system_jtag_uart_0_component_configuration.pl  --do_build_sim=1    --sim_dir=C:/TEMP/alt7144_4681204887115726414.dir/0002_jtag_uart_0_gen/  ]
Info: jtag_uart_0: Done RTL generation for module 'soc_system_jtag_uart_0'
Info: jtag_uart_0: "soc_system" instantiated altera_avalon_jtag_uart "jtag_uart_0"
Error: lt24_0: lt24 does not support generation for VHDL Simulation. Generation is available for: Quartus Synthesis.
Error: Generation stopped, 11 or more modules remaining
Info: soc_system: Done "soc_system" with 13 modules, 6 files
Error: qsys-generate failed with exit code 1: 2 Errors, 6 Warnings
Info: Finished: Create simulation model
Info: Starting: Create Modelsim Project.
Info: sim-script-gen --spd=D:\Skydrive\Documenten\Univ\ES\GIT\LCD\hw\quartus\soc_system\simulation\soc_system.spd --output-directory=D:/Skydrive/Documenten/Univ/ES/GIT/LCD/hw/quartus/soc_system/simulation/simulation/ --use-relative-paths=true
Info: Doing: ip-make-simscript --spd=D:\Skydrive\Documenten\Univ\ES\GIT\LCD\hw\quartus\soc_system\simulation\soc_system.spd --output-directory=D:/Skydrive/Documenten/Univ/ES/GIT/LCD/hw/quartus/soc_system/simulation/simulation/ --use-relative-paths=true
Info: Generating the following file(s) for MODELSIM simulator in D:/Skydrive/Documenten/Univ/ES/GIT/LCD/hw/quartus/soc_system/simulation/simulation/ directory:
Info: 	mentor/msim_setup.tcl
Info: Skipping VCS script generation since VHDL file $QUARTUS_INSTALL_DIR/eda/sim_lib/altera_syn_attributes.vhd is required for simulation
Info: Generating the following file(s) for VCSMX simulator in D:/Skydrive/Documenten/Univ/ES/GIT/LCD/hw/quartus/soc_system/simulation/simulation/ directory:
Info: 	synopsys/vcsmx/synopsys_sim.setup
Info: 	synopsys/vcsmx/vcsmx_setup.sh
Info: Generating the following file(s) for NCSIM simulator in D:/Skydrive/Documenten/Univ/ES/GIT/LCD/hw/quartus/soc_system/simulation/simulation/ directory:
Info: 	cadence/cds.lib
Info: 	cadence/hdl.var
Info: 	cadence/ncsim_setup.sh
Info: 	3 .cds.lib files in cadence/cds_libs/ directory
Info: Generating the following file(s) for RIVIERA simulator in D:/Skydrive/Documenten/Univ/ES/GIT/LCD/hw/quartus/soc_system/simulation/simulation/ directory:
Info: 	aldec/rivierapro_setup.tcl
Info: For information on how to simulate your IP, see the explanatory comments in the simulator-specific subdirectories under D:/Skydrive/Documenten/Univ/ES/GIT/LCD/hw/quartus/soc_system/simulation/simulation/.
Info: Finished: Create Modelsim Project.
Info: Starting: Create block symbol file (.bsf)
Info: qsys-generate D:\Skydrive\Documenten\Univ\ES\GIT\LCD\hw\quartus\soc_system.qsys --block-symbol-file --output-directory=D:\Skydrive\Documenten\Univ\ES\GIT\LCD\hw\quartus\soc_system\simulation --family="Cyclone V" --part=5CSEMA4U23C6
Progress: Loading quartus/soc_system.qsys
Progress: Reading input file
Progress: Adding address_span_extender_0 [altera_address_span_extender 16.0]
Progress: Parameterizing module address_span_extender_0
Progress: Adding clk_0 [clock_source 16.0]
Progress: Parameterizing module clk_0
Progress: Adding hps_0 [altera_hps 16.0]
Progress: Parameterizing module hps_0
Progress: Adding jtag_uart_0 [altera_avalon_jtag_uart 16.0]
Progress: Parameterizing module jtag_uart_0
Progress: Adding lt24_0 [lt24 1.0]
Progress: Parameterizing module lt24_0
Progress: Adding nios2_gen2_0 [altera_nios2_gen2 16.0]
Progress: Parameterizing module nios2_gen2_0
Progress: Adding onchip_memory2_0 [altera_avalon_onchip_memory2 16.0]
Progress: Parameterizing module onchip_memory2_0
Progress: Building connections
Progress: Parameterizing connections
Progress: Validating
Progress: Done reading input file
Warning: soc_system.hps_0: Setting the slave port width of interface f2h_sdram0 to 32 results in bandwidth under-utilization.  Altera recommends you set the interface data width to 64-bit or greater.
Info: soc_system.hps_0: HPS Main PLL counter settings: n = 0  m = 73
Info: soc_system.hps_0: HPS peripherial PLL counter settings: n = 0  m = 39
Warning: soc_system.hps_0: "Configuration/HPS-to-FPGA user 0 clock frequency" (desired_cfg_clk_mhz) requested 100.0 MHz, but only achieved 97.368421 MHz
Warning: soc_system.hps_0: 1 or more output clock frequencies cannot be achieved precisely, consider revising desired output clock frequencies.
Info: soc_system.jtag_uart_0: JTAG UART IP input clock need to be at least double (2x) the operating frequency of JTAG TCK on board
Info: qsys-generate succeeded.
Info: Finished: Create block symbol file (.bsf)
